{"logTime": "0116/174450", "correlationVector":"nMgFuSr3l9eLIGmeiZJcPQ.1","action":"SyncServerConnectionManagerRequest", "result":"SYNC_SERVER_OK", "context":{"environment":"Prod_japaneast_prod-s01-061-apac-japaneast", "migrationStage":"NotStarted", "server":"akswtt00300008x"}}
{"logTime": "0116/174450", "correlationVector":"kZnFPctJBuTtprSl1pFOR3","action":"SyncServerConnectionManagerRequest", "result":"SYNC_SERVER_OK", "context":{"environment":"", "migrationStage":"", "server":""}}
{"logTime": "0116/174450", "correlationVector":"nMgFuSr3l9eLIGmeiZJcPQ","action":"Initial GetUpdates", "result":"", "context":Reason: NEW_CLIENT. cV=nMgFuSr3l9eLIGmeiZJcPQ}
{"logTime": "0116/174450", "correlationVector":"nMgFuSr3l9eLIGmeiZJcPQ.2","action":"GetUpdates Response", "result":"Success", "context":Received 1 update(s). cV=nMgFuSr3l9eLIGmeiZJcPQ.0;server=akswtt00300008x;cloudType=Consumer;environment=Prod_japaneast_prod-s01-061-apac-japaneast;migrationStage=NotStarted}
{"logTime": "0116/174450", "correlationVector":"AbTrp3vCfIZZgfBJPbfRyN","action":"Initial GetUpdates", "result":"", "context":Reason: NEWLY_SUPPORTED_DATATYPE. cV=AbTrp3vCfIZZgfBJPbfRyN}
{"logTime": "0116/174450", "correlationVector":"AbTrp3vCfIZZgfBJPbfRyN.1","action":"SyncServerConnectionManagerRequest", "result":"SYNC_SERVER_OK", "context":{"environment":"Prod_japaneast_prod-s01-061-apac-japaneast", "migrationStage":"NotStarted", "server":"akswtt003000002"}}
{"logTime": "0116/174450", "correlationVector":"AbTrp3vCfIZZgfBJPbfRyN.2","action":"GetUpdates Response", "result":"Success", "context":Received 63 update(s). cV=AbTrp3vCfIZZgfBJPbfRyN.0;server=akswtt003000002;cloudType=Consumer;environment=Prod_japaneast_prod-s01-061-apac-japaneast;migrationStage=NotStarted}
{"logTime": "0116/174451", "correlationVector":"IzCkboDNLKkV6lb9sEwwYF","action":"Initial GetUpdates", "result":"", "context":Reason: NEWLY_SUPPORTED_DATATYPE. cV=IzCkboDNLKkV6lb9sEwwYF}
{"logTime": "0116/174451", "correlationVector":"IzCkboDNLKkV6lb9sEwwYF.1","action":"SyncServerConnectionManagerRequest", "result":"SYNC_SERVER_OK", "context":{"environment":"Prod_japaneast_prod-s01-061-apac-japaneast", "migrationStage":"NotStarted", "server":"akswtt003000067"}}
{"logTime": "0116/174451", "correlationVector":"IzCkboDNLKkV6lb9sEwwYF.2","action":"GetUpdates Response", "result":"Success", "context":Received 5 update(s). cV=IzCkboDNLKkV6lb9sEwwYF.0;server=akswtt003000067;cloudType=Consumer;environment=Prod_japaneast_prod-s01-061-apac-japaneast;migrationStage=NotStarted}
{"logTime": "0116/174451", "correlationVector":"SsCOiXJ36PBrKXG8jmCm5U","action":"Initial GetUpdates", "result":"", "context":Reason: NEWLY_SUPPORTED_DATATYPE. cV=SsCOiXJ36PBrKXG8jmCm5U}
{"logTime": "0116/174451", "correlationVector":"SsCOiXJ36PBrKXG8jmCm5U.1","action":"SyncServerConnectionManagerRequest", "result":"SYNC_SERVER_OK", "context":{"environment":"Prod_japaneast_prod-s01-061-apac-japaneast", "migrationStage":"NotStarted", "server":"akswtt003000028"}}
{"logTime": "0116/174451", "correlationVector":"SsCOiXJ36PBrKXG8jmCm5U.2","action":"GetUpdates", "result":"DeleteReceived", "context":{"id":"bdd9a509-d257-40fd-93c7-050723fefee8", "isDeleted:":"true", "version":"1729436464615"}}
{"logTime": "0116/174451", "correlationVector":"SsCOiXJ36PBrKXG8jmCm5U.3","action":"GetUpdates", "result":"DeleteReceived", "context":{"id":"983686bb-fa59-4653-8d2f-c565ab461442", "isDeleted:":"true", "version":"1729702001927"}}
{"logTime": "0116/174451", "correlationVector":"SsCOiXJ36PBrKXG8jmCm5U.4","action":"GetUpdates", "result":"DeleteReceived", "context":{"id":"d65466cd-c566-4776-9625-f6538a29477f", "isDeleted:":"true", "version":"1730472446431"}}
{"logTime": "0116/174451", "correlationVector":"SsCOiXJ36PBrKXG8jmCm5U.5","action":"GetUpdates", "result":"DeleteReceived", "context":{"id":"6a53cccd-90e0-4b1f-8afe-527066c77e3a", "isDeleted:":"true", "version":"1731676625837"}}
{"logTime": "0116/174451", "correlationVector":"SsCOiXJ36PBrKXG8jmCm5U.6","action":"GetUpdates", "result":"DeleteReceived", "context":{"id":"b3068fc0-3632-4b51-ade3-ecea457138e9", "isDeleted:":"true", "version":"1732847359792"}}
{"logTime": "0116/174451", "correlationVector":"SsCOiXJ36PBrKXG8jmCm5U.7","action":"GetUpdates", "result":"DeleteReceived", "context":{"id":"6db08c50-0277-4452-bea3-9f684286f7c4", "isDeleted:":"true", "version":"1732847359793"}}
{"logTime": "0116/174451", "correlationVector":"SsCOiXJ36PBrKXG8jmCm5U.8","action":"GetUpdates Response", "result":"Success", "context":Received 28 update(s). cV=SsCOiXJ36PBrKXG8jmCm5U.0;server=akswtt003000028;cloudType=Consumer;environment=Prod_japaneast_prod-s01-061-apac-japaneast;migrationStage=NotStarted}
{"logTime": "0116/174451", "correlationVector":"38KnDYBEyu32Sg35LlWURd","action":"Initial GetUpdates", "result":"", "context":Reason: NEWLY_SUPPORTED_DATATYPE. cV=38KnDYBEyu32Sg35LlWURd}
{"logTime": "0116/174451", "correlationVector":"38KnDYBEyu32Sg35LlWURd.1","action":"SyncServerConnectionManagerRequest", "result":"SYNC_SERVER_OK", "context":{"environment":"Prod_japaneast_prod-s01-061-apac-japaneast", "migrationStage":"NotStarted", "server":"akswtt003000039"}}
{"logTime": "0116/174451", "correlationVector":"38KnDYBEyu32Sg35LlWURd.2","action":"GetUpdates Response", "result":"Success", "context":Received 0 update(s). cV=38KnDYBEyu32Sg35LlWURd.0;server=akswtt003000039;cloudType=Consumer;environment=Prod_japaneast_prod-s01-061-apac-japaneast;migrationStage=NotStarted}
{"logTime": "0116/174451", "correlationVector":"WTnomi6Mh5iC8dSCawcimq","action":"Normal GetUpdate request", "result":"", "context":cV=WTnomi6Mh5iC8dSCawcimq
Nudged types: Preferences, Sessions, Device Info, User Consents
Refresh requested types: Bookmarks, Preferences, Passwords, Autofill Profiles, Autofill, Typed URLs, Extensions, Sessions, Extension settings, History Delete Directives, Device Info, User Consents, Send Tab To Self, Web Apps, History, Collection, Edge E Drop, Edge Hub App Usage, Edge Tab Group, Edge Wallet, Encryption Keys}
{"logTime": "0116/174451", "correlationVector":"WTnomi6Mh5iC8dSCawcimq.1","action":"SyncServerConnectionManagerRequest", "result":"SYNC_SERVER_OK", "context":{"environment":"Prod_japaneast_prod-s01-061-apac-japaneast", "migrationStage":"NotStarted", "server":"akswtt003000002"}}
{"logTime": "0116/174451", "correlationVector":"WTnomi6Mh5iC8dSCawcimq.2","action":"GetUpdates Response", "result":"Success", "context":Received 0 update(s). cV=WTnomi6Mh5iC8dSCawcimq.0;server=akswtt003000002;cloudType=Consumer;environment=Prod_japaneast_prod-s01-061-apac-japaneast;migrationStage=NotStarted}
{"logTime": "0116/174451", "correlationVector":"KQ1fvcNtq4QuB62x/2JzHR","action":"Commit Request", "result":"", "context":Item count: 7
Contributing types: Preferences, Sessions, Device Info, User Consents}
{"logTime": "0116/174452", "correlationVector":"KQ1fvcNtq4QuB62x/2JzHR.1","action":"SyncServerConnectionManagerRequest", "result":"SYNC_SERVER_OK", "context":{"environment":"Prod_japaneast_prod-s01-061-apac-japaneast", "migrationStage":"NotStarted", "server":"akswtt00300002o"}}
{"logTime": "0116/174452", "correlationVector":"KQ1fvcNtq4QuB62x/2JzHR.2","action":"Commit Response", "result":"Success", "context":Result: Success. cV=KQ1fvcNtq4QuB62x/2JzHR.0;server=akswtt00300002o;cloudType=Consumer;environment=Prod_japaneast_prod-s01-061-apac-japaneast;migrationStage=NotStarted}
{"logTime": "0116/174455", "correlationVector":"Zi6ldrGnWNFA+gSgTUI6yi","action":"Commit Request", "result":"", "context":Item count: 2
Contributing types: Preferences, Edge Hub App Usage}
{"logTime": "0116/174455", "correlationVector":"Zi6ldrGnWNFA+gSgTUI6yi.1","action":"SyncServerConnectionManagerRequest", "result":"SYNC_SERVER_OK", "context":{"environment":"Prod_japaneast_prod-s01-061-apac-japaneast", "migrationStage":"NotStarted", "server":"akswtt003000067"}}
{"logTime": "0116/174455", "correlationVector":"Zi6ldrGnWNFA+gSgTUI6yi.2","action":"Commit Response", "result":"Success", "context":Result: Success. cV=Zi6ldrGnWNFA+gSgTUI6yi.0;server=akswtt003000067;cloudType=Consumer;environment=Prod_japaneast_prod-s01-061-apac-japaneast;migrationStage=NotStarted}
{"logTime": "0116/174458", "correlationVector":"WOZvxgUZ871dhp9XnCTx8b","action":"Commit Request", "result":"", "context":Item count: 1
Contributing types: Edge Hub App Usage}
{"logTime": "0116/174458", "correlationVector":"WOZvxgUZ871dhp9XnCTx8b.1","action":"SyncServerConnectionManagerRequest", "result":"SYNC_SERVER_OK", "context":{"environment":"Prod_japaneast_prod-s01-061-apac-japaneast", "migrationStage":"NotStarted", "server":"akswtt00300003q"}}
{"logTime": "0116/174458", "correlationVector":"WOZvxgUZ871dhp9XnCTx8b.2","action":"Commit Response", "result":"Success", "context":Result: Success. cV=WOZvxgUZ871dhp9XnCTx8b.0;server=akswtt00300003q;cloudType=Consumer;environment=Prod_japaneast_prod-s01-061-apac-japaneast;migrationStage=NotStarted}
{"logTime": "0116/174532", "correlationVector":"GJ61sNLzx9TzgKx1NEtq4X","action":"Commit Request", "result":"", "context":Item count: 7
Contributing types: Sessions, History}
{"logTime": "0116/174533", "correlationVector":"GJ61sNLzx9TzgKx1NEtq4X.1","action":"SyncServerConnectionManagerRequest", "result":"SYNC_SERVER_OK", "context":{"environment":"Prod_japaneast_prod-s01-061-apac-japaneast", "migrationStage":"NotStarted", "server":"akswtt00300008x"}}
{"logTime": "0116/174533", "correlationVector":"GJ61sNLzx9TzgKx1NEtq4X.2","action":"Commit Response", "result":"Success", "context":Result: Success. cV=GJ61sNLzx9TzgKx1NEtq4X.0;server=akswtt00300008x;cloudType=Consumer;environment=Prod_japaneast_prod-s01-061-apac-japaneast;migrationStage=NotStarted}
{"logTime": "0116/174823", "correlationVector":"skJSNvH+zINyxWeVDPRePe.1","action":"SyncServerConnectionManagerRequest", "result":"SYNC_SERVER_OK", "context":{"environment":"Prod_japaneast_prod-s01-061-apac-japaneast", "migrationStage":"NotStarted", "server":"akswtt00300001h"}}
{"logTime": "0116/174823", "correlationVector":"wGG4CBA4hI8fnlRjVoRMFD","action":"SyncServerConnectionManagerRequest", "result":"SYNC_SERVER_OK", "context":{"environment":"", "migrationStage":"", "server":""}}
{"logTime": "0116/174823", "correlationVector":"skJSNvH+zINyxWeVDPRePe","action":"Initial GetUpdates", "result":"", "context":Reason: NEW_CLIENT. cV=skJSNvH+zINyxWeVDPRePe}
{"logTime": "0116/174823", "correlationVector":"skJSNvH+zINyxWeVDPRePe.2","action":"GetUpdates Response", "result":"Success", "context":Received 1 update(s). cV=skJSNvH+zINyxWeVDPRePe.0;server=akswtt00300001h;cloudType=Consumer;environment=Prod_japaneast_prod-s01-061-apac-japaneast;migrationStage=NotStarted}
{"logTime": "0116/174823", "correlationVector":"mtHtPhLlVXUV9xg4PLmpmw","action":"Initial GetUpdates", "result":"", "context":Reason: NEWLY_SUPPORTED_DATATYPE. cV=mtHtPhLlVXUV9xg4PLmpmw}
{"logTime": "0116/174823", "correlationVector":"mtHtPhLlVXUV9xg4PLmpmw.1","action":"SyncServerConnectionManagerRequest", "result":"SYNC_SERVER_OK", "context":{"environment":"Prod_japaneast_prod-s01-061-apac-japaneast", "migrationStage":"NotStarted", "server":"akswtt00300005f"}}
{"logTime": "0116/174823", "correlationVector":"mtHtPhLlVXUV9xg4PLmpmw.2","action":"GetUpdates Response", "result":"Success", "context":Received 8 update(s). cV=mtHtPhLlVXUV9xg4PLmpmw.0;server=akswtt00300005f;cloudType=Consumer;environment=Prod_japaneast_prod-s01-061-apac-japaneast;migrationStage=NotStarted}
{"logTime": "0116/174823", "correlationVector":"TTijdpJB4EIik515RP0pnu","action":"Normal GetUpdate request", "result":"", "context":cV=TTijdpJB4EIik515RP0pnu
Nudged types: Sessions, History
Refresh requested types: Bookmarks, Preferences, Passwords, Autofill Profiles, Autofill, Extensions, Sessions, Extension settings, History Delete Directives, Device Info, User Consents, Send Tab To Self, Web Apps, History, Collection, Edge E Drop, Edge Hub App Usage, Edge Tab Group, Edge Wallet, Encryption Keys}
{"logTime": "0116/174823", "correlationVector":"TTijdpJB4EIik515RP0pnu.1","action":"SyncServerConnectionManagerRequest", "result":"SYNC_SERVER_OK", "context":{"environment":"Prod_japaneast_prod-s01-061-apac-japaneast", "migrationStage":"NotStarted", "server":"akswtt00300002k"}}
{"logTime": "0116/174823", "correlationVector":"TTijdpJB4EIik515RP0pnu.2","action":"GetUpdates Response", "result":"Success", "context":Received 5 update(s). cV=TTijdpJB4EIik515RP0pnu.0;server=akswtt00300002k;cloudType=Consumer;environment=Prod_japaneast_prod-s01-061-apac-japaneast;migrationStage=NotStarted}
{"logTime": "0116/174823", "correlationVector":"qZZQ/VBh+FFPWEw2CLO7Nw","action":"Commit Request", "result":"", "context":Item count: 5
Contributing types: Sessions, History}
{"logTime": "0116/174824", "correlationVector":"qZZQ/VBh+FFPWEw2CLO7Nw.1","action":"SyncServerConnectionManagerRequest", "result":"SYNC_SERVER_OK", "context":{"environment":"Prod_japaneast_prod-s01-061-apac-japaneast", "migrationStage":"NotStarted", "server":"akswtt00300003h"}}
{"logTime": "0116/174824", "correlationVector":"qZZQ/VBh+FFPWEw2CLO7Nw.3","action":"Commit.Sessions", "result":"Success", "context":{"id":"29c2b74a-9f2b-4344-9ba2-b109ad155dee", "isDeleted":"true", "size":"0", "version":"1737049608854"}}
{"logTime": "0116/174824", "correlationVector":"qZZQ/VBh+FFPWEw2CLO7Nw.2","action":"Commit Response", "result":"Success", "context":Result: Success. cV=qZZQ/VBh+FFPWEw2CLO7Nw.0;server=akswtt00300003h;cloudType=Consumer;environment=Prod_japaneast_prod-s01-061-apac-japaneast;migrationStage=NotStarted}
{"logTime": "0116/174843", "correlationVector":"A13vJEZ7ggd4CofT8wg/02","action":"Commit Request", "result":"", "context":Item count: 8
Contributing types: Preferences, Sessions, History}
{"logTime": "0116/174844", "correlationVector":"A13vJEZ7ggd4CofT8wg/02.1","action":"SyncServerConnectionManagerRequest", "result":"SYNC_SERVER_OK", "context":{"environment":"Prod_japaneast_prod-s01-061-apac-japaneast", "migrationStage":"NotStarted", "server":"akswtt003000029"}}
{"logTime": "0116/174844", "correlationVector":"A13vJEZ7ggd4CofT8wg/02.2","action":"Commit Response", "result":"Success", "context":Result: Success. cV=A13vJEZ7ggd4CofT8wg/02.0;server=akswtt003000029;cloudType=Consumer;environment=Prod_japaneast_prod-s01-061-apac-japaneast;migrationStage=NotStarted}
{"logTime": "0116/174917", "correlationVector":"wQX3sheC/jhYrd/ZjDy5jr","action":"Commit Request", "result":"", "context":Item count: 5
Contributing types: Sessions, History}
{"logTime": "0116/174918", "correlationVector":"wQX3sheC/jhYrd/ZjDy5jr.1","action":"SyncServerConnectionManagerRequest", "result":"SYNC_SERVER_OK", "context":{"environment":"Prod_japaneast_prod-s01-061-apac-japaneast", "migrationStage":"NotStarted", "server":"akswtt00300006b"}}
{"logTime": "0116/174918", "correlationVector":"wQX3sheC/jhYrd/ZjDy5jr.2","action":"Commit Response", "result":"Success", "context":Result: Success. cV=wQX3sheC/jhYrd/ZjDy5jr.0;server=akswtt00300006b;cloudType=Consumer;environment=Prod_japaneast_prod-s01-061-apac-japaneast;migrationStage=NotStarted}
{"logTime": "0116/175323", "correlationVector":"2QX14o72S3V35SwYFoFx0j","action":"Normal GetUpdate request", "result":"", "context":cV=2QX14o72S3V35SwYFoFx0j
Nudged types: Sessions, History
Refresh requested types: Bookmarks, Preferences, Passwords, Autofill Profiles, Autofill, Extensions, Sessions, Extension settings, History Delete Directives, Device Info, User Consents, Send Tab To Self, Web Apps, History, Collection, Edge E Drop, Edge Hub App Usage, Edge Tab Group, Edge Wallet, Encryption Keys}
{"logTime": "0116/175323", "correlationVector":"2QX14o72S3V35SwYFoFx0j.1","action":"SyncServerConnectionManagerRequest", "result":"SYNC_SERVER_OK", "context":{"environment":"Prod_japaneast_prod-s01-061-apac-japaneast", "migrationStage":"NotStarted", "server":"akswtt00300002x"}}
{"logTime": "0116/175323", "correlationVector":"2QX14o72S3V35SwYFoFx0j.2","action":"GetUpdates", "result":"DeleteReceived", "context":{"id":"29c2b74a-9f2b-4344-9ba2-b109ad155dee", "isDeleted:":"true", "version":"1737049704109"}}
{"logTime": "0116/175323", "correlationVector":"2QX14o72S3V35SwYFoFx0j.3","action":"GetUpdates Response", "result":"Success", "context":Received 14 update(s). cV=2QX14o72S3V35SwYFoFx0j.0;server=akswtt00300002x;cloudType=Consumer;environment=Prod_japaneast_prod-s01-061-apac-japaneast;migrationStage=NotStarted}
{"logTime": "0116/175323", "correlationVector":"VVc5ExHP+B/iF4/IrLftcO","action":"Commit Request", "result":"", "context":Item count: 4
Contributing types: Sessions, History}
{"logTime": "0116/175323", "correlationVector":"VVc5ExHP+B/iF4/IrLftcO.1","action":"SyncServerConnectionManagerRequest", "result":"SYNC_SERVER_OK", "context":{"environment":"Prod_japaneast_prod-s01-061-apac-japaneast", "migrationStage":"NotStarted", "server":"akswtt00300002k"}}
{"logTime": "0116/175323", "correlationVector":"VVc5ExHP+B/iF4/IrLftcO.2","action":"Commit Response", "result":"Success", "context":Result: Success. cV=VVc5ExHP+B/iF4/IrLftcO.0;server=akswtt00300002k;cloudType=Consumer;environment=Prod_japaneast_prod-s01-061-apac-japaneast;migrationStage=NotStarted}
{"logTime": "0116/175353", "correlationVector":"XEFYwULeGjLu4VQSZOEkUo","action":"Commit Request", "result":"", "context":Item count: 4
Contributing types: Sessions, History}
{"logTime": "0116/175353", "correlationVector":"XEFYwULeGjLu4VQSZOEkUo.1","action":"SyncServerConnectionManagerRequest", "result":"SYNC_SERVER_OK", "context":{"environment":"Prod_japaneast_prod-s01-061-apac-japaneast", "migrationStage":"NotStarted", "server":"akswtt00300006y"}}
{"logTime": "0116/175353", "correlationVector":"XEFYwULeGjLu4VQSZOEkUo.2","action":"Commit Response", "result":"Success", "context":Result: Success. cV=XEFYwULeGjLu4VQSZOEkUo.0;server=akswtt00300006y;cloudType=Consumer;environment=Prod_japaneast_prod-s01-061-apac-japaneast;migrationStage=NotStarted}
