2025-01-16 17:44:41.778: [INFO][Sync] Reset engine, reason: 8
2025-01-16 17:44:41.778: [INFO][Sync] Stopped: Bookmarks
2025-01-16 17:44:41.778: [INFO][Sync] Stopped: Preferences
2025-01-16 17:44:41.778: [INFO][Sync] Stopped: Passwords
2025-01-16 17:44:41.778: [INFO][Sync] Stopped: Autofill Profiles
2025-01-16 17:44:41.778: [INFO][Sync] Stopped: Autofill
2025-01-16 17:44:41.778: [INFO][Sync] Stopped: Typed URLs
2025-01-16 17:44:41.778: [INFO][Sync] Stopped: Extensions
2025-01-16 17:44:41.778: [INFO][Sync] Stopped: Sessions
2025-01-16 17:44:41.778: [INFO][Sync] Stopped: Extension settings
2025-01-16 17:44:41.778: [INFO][Sync] Stopped: History Delete Directives
2025-01-16 17:44:41.778: [INFO][Sync] Stopped: Device Info
2025-01-16 17:44:41.778: [INFO][Sync] Stopped: User Consents
2025-01-16 17:44:41.778: [INFO][Sync] Stopped: Send Tab To Self
2025-01-16 17:44:41.778: [INFO][Sync] Stopped: Web Apps
2025-01-16 17:44:41.778: [INFO][Sync] Stopped: History
2025-01-16 17:44:41.778: [INFO][Sync] Stopped: Collection
2025-01-16 17:44:41.778: [INFO][Sync] Stopped: Edge E Drop
2025-01-16 17:44:41.778: [INFO][Sync] Stopped: Edge Hub App Usage
2025-01-16 17:44:41.778: [INFO][Sync] Stopped: Edge Tab Group
2025-01-16 17:44:41.778: [INFO][Sync] Stopped: Edge Wallet
2025-01-16 17:44:41.778: [INFO][Sync] SyncState after authenticated was: NotSignedIn
2025-01-16 17:44:42.393: [INFO][Sync] Reset engine, reason: 8
2025-01-16 17:44:42.393: [INFO][Sync] Stopped: Bookmarks
2025-01-16 17:44:42.393: [INFO][Sync] Stopped: Preferences
2025-01-16 17:44:42.393: [INFO][Sync] Stopped: Passwords
2025-01-16 17:44:42.393: [INFO][Sync] Stopped: Autofill Profiles
2025-01-16 17:44:42.393: [INFO][Sync] Stopped: Autofill
2025-01-16 17:44:42.393: [INFO][Sync] Stopped: Typed URLs
2025-01-16 17:44:42.393: [INFO][Sync] Stopped: Extensions
2025-01-16 17:44:42.393: [INFO][Sync] Stopped: Sessions
2025-01-16 17:44:42.393: [INFO][Sync] Stopped: Extension settings
2025-01-16 17:44:42.393: [INFO][Sync] Stopped: History Delete Directives
2025-01-16 17:44:42.393: [INFO][Sync] Stopped: Device Info
2025-01-16 17:44:42.393: [INFO][Sync] Stopped: User Consents
2025-01-16 17:44:42.393: [INFO][Sync] Stopped: Send Tab To Self
2025-01-16 17:44:42.393: [INFO][Sync] Stopped: Web Apps
2025-01-16 17:44:42.393: [INFO][Sync] Stopped: History
2025-01-16 17:44:42.393: [INFO][Sync] Stopped: Collection
2025-01-16 17:44:42.393: [INFO][Sync] Stopped: Edge E Drop
2025-01-16 17:44:42.393: [INFO][Sync] Stopped: Edge Hub App Usage
2025-01-16 17:44:42.393: [INFO][Sync] Stopped: Edge Tab Group
2025-01-16 17:44:42.393: [INFO][Sync] Stopped: Edge Wallet
2025-01-16 17:44:43.152: [INFO][Sync] Try to start sync engine
2025-01-16 17:44:43.161: [INFO][SyncManagerImpl::NudgeForInitialDownload] Initial download nudge for Encryption Keys
2025-01-16 17:44:43.161: [INFO][SyncEngineBackend::LoadAndConnectNigoriController] Load and connect Nigori controller
2025-01-16 17:44:43.162: [INFO][SyncEngineBackend::DoInitialize] Control Types added: Encryption Keys
2025-01-16 17:44:43.162: [INFO][SyncManagerImpl::ConfigureSyncer] Types to download: Encryption Keys with reason: 3
2025-01-16 17:44:43.162: [INFO][SyncSchedulerImpl::DoConfigurationSyncCycleJob] Configure job was blocked
2025-01-16 17:44:49.836: [INFO][SyncAuthManager::SetLastAuthError] Current auth error: None
2025-01-16 17:44:49.836: [INFO][SyncAuthManager::EdgeLogTokenErrorState] Token error with: None for account type: MSA
2025-01-16 17:44:49.836: [INFO][Sync] Credentials changed for: EdgeSyncKeyDataScope
2025-01-16 17:44:49.836: [INFO][SyncEngineBackend::DoUpdateKeyDataCredentials] Update key data credentials
2025-01-16 17:44:50.263: [INFO][SyncAuthManager::SetLastAuthError] Current auth error: None
2025-01-16 17:44:50.263: [INFO][SyncAuthManager::EdgeLogTokenErrorState] Token error with: None for account type: MSA
2025-01-16 17:44:50.263: [INFO][Sync] Credentials changed for: EdgeSyncScopeNew
2025-01-16 17:44:50.263: [INFO][SyncEngineBackend::DoUpdateCredentials] Update credentials
2025-01-16 17:44:50.263: [INFO][SyncEngineBackend::DoUpdateKeyDataCredentials] Update key data credentials
2025-01-16 17:44:50.263: [INFO][SyncSchedulerImpl::DoConfigurationSyncCycleJob] Blocked types:  and types to download: Encryption Keys
2025-01-16 17:44:50.551: [INFO][Sync] Started DataTypeManager configuration, reason: 4
2025-01-16 17:44:50.551: [INFO][Sync] Configuring for: Bookmarks, Preferences, Passwords, Autofill Profiles, Autofill, Typed URLs, Extensions, Sessions, Extension settings, History Delete Directives, Device Info, User Consents, Send Tab To Self, Web Apps, History, Collection, Edge E Drop, Edge Hub App Usage, Edge Tab Group, Edge Wallet, Encryption Keys, reason: 3, current state: 0
2025-01-16 17:44:50.554: [INFO][Sync] Configure, desired: Bookmarks, Preferences, Typed URLs, Extensions, Sessions, Extension settings, History Delete Directives, Device Info, User Consents, Send Tab To Self, Web Apps, History, Collection, Edge E Drop, Edge Hub App Usage, Edge Tab Group, Edge Wallet, Encryption Keys; Allow fail: Passwords, Autofill Profiles, Autofill
2025-01-16 17:44:50.554: [INFO][Sync] Loading: Bookmarks
2025-01-16 17:44:50.554: [INFO][Sync] Loading: Preferences
2025-01-16 17:44:50.554: [INFO][Sync] Loading: Typed URLs
2025-01-16 17:44:50.554: [INFO][Sync] Loading: Extensions
2025-01-16 17:44:50.554: [INFO][Sync] Loading: Sessions
2025-01-16 17:44:50.554: [INFO][Sync] Loading: Extension settings
2025-01-16 17:44:50.554: [INFO][Sync] Loading: History Delete Directives
2025-01-16 17:44:50.554: [INFO][Sync] Loading: Device Info
2025-01-16 17:44:50.554: [INFO][Sync] Loading: User Consents
2025-01-16 17:44:50.554: [INFO][Sync] Loading: Send Tab To Self
2025-01-16 17:44:50.554: [INFO][Sync] Loading: Web Apps
2025-01-16 17:44:50.554: [INFO][Sync] Loading: History
2025-01-16 17:44:50.554: [INFO][Sync] Loading: Collection
2025-01-16 17:44:50.554: [INFO][Sync] Loading: Edge E Drop
2025-01-16 17:44:50.554: [INFO][Sync] Loading: Edge Hub App Usage
2025-01-16 17:44:50.555: [INFO][Sync] Loading: Edge Tab Group
2025-01-16 17:44:50.555: [INFO][Sync] Loading: Edge Wallet
2025-01-16 17:44:50.564: [INFO][Sync] All data types are ready for configure.
2025-01-16 17:44:50.824: [INFO][Sync] Started DataTypeManager configuration, reason: 5
2025-01-16 17:44:50.824: [INFO][Sync] Configuring for: Bookmarks, Preferences, Passwords, Autofill Profiles, Autofill, Typed URLs, Extensions, Sessions, Extension settings, History Delete Directives, Device Info, User Consents, Send Tab To Self, Web Apps, History, Collection, Edge E Drop, Edge Hub App Usage, Edge Tab Group, Edge Wallet, Encryption Keys, reason: 5, current state: 1
2025-01-16 17:44:50.827: [INFO][SyncEngineBackend::DoStartConfiguration] Start configuration
2025-01-16 17:44:50.828: [INFO][SyncManagerImpl::NudgeForInitialDownload] Initial download nudge for Bookmarks
2025-01-16 17:44:50.828: [INFO][SyncManagerImpl::NudgeForInitialDownload] Initial download nudge for Preferences
2025-01-16 17:44:50.828: [INFO][SyncManagerImpl::NudgeForInitialDownload] Initial download nudge for Typed URLs
2025-01-16 17:44:50.828: [INFO][SyncManagerImpl::NudgeForInitialDownload] Initial download nudge for Extensions
2025-01-16 17:44:50.828: [INFO][SyncManagerImpl::NudgeForInitialDownload] Initial download nudge for Sessions
2025-01-16 17:44:50.828: [INFO][SyncManagerImpl::NudgeForInitialDownload] Initial download nudge for Extension settings
2025-01-16 17:44:50.828: [INFO][SyncManagerImpl::NudgeForInitialDownload] Initial download nudge for History Delete Directives
2025-01-16 17:44:50.828: [INFO][SyncManagerImpl::NudgeForInitialDownload] Initial download nudge for Device Info
2025-01-16 17:44:50.828: [INFO][SyncManagerImpl::NudgeForInitialDownload] Initial download nudge for Send Tab To Self
2025-01-16 17:44:50.828: [INFO][SyncManagerImpl::NudgeForInitialDownload] Initial download nudge for Web Apps
2025-01-16 17:44:50.828: [INFO][SyncManagerImpl::NudgeForInitialDownload] Initial download nudge for History
2025-01-16 17:44:50.828: [INFO][SyncManagerImpl::NudgeForInitialDownload] Initial download nudge for Collection
2025-01-16 17:44:50.828: [INFO][SyncManagerImpl::NudgeForInitialDownload] Initial download nudge for Edge E Drop
2025-01-16 17:44:50.828: [INFO][SyncManagerImpl::NudgeForInitialDownload] Initial download nudge for Edge Hub App Usage
2025-01-16 17:44:50.828: [INFO][SyncManagerImpl::NudgeForInitialDownload] Initial download nudge for Edge Tab Group
2025-01-16 17:44:50.828: [INFO][SyncManagerImpl::NudgeForInitialDownload] Initial download nudge for Edge Wallet
2025-01-16 17:44:50.828: [INFO][SyncManagerImpl::ConfigureSyncer] Types to download:  with reason: 3
2025-01-16 17:44:50.828: [INFO][SyncEngineBackend::DoFinishConfigureDataTypes] Failed to download types:  and succeeded types: 
2025-01-16 17:44:50.832: [INFO][Sync] ConfigurationDone, failed: , succeeded: , remaining count: 4
2025-01-16 17:44:50.832: [WARN][Sync]     Reconfigure requested while configuration ongoing.
2025-01-16 17:44:50.832: [INFO][Sync] Configuring for: Bookmarks, Preferences, Passwords, Autofill Profiles, Autofill, Typed URLs, Extensions, Sessions, Extension settings, History Delete Directives, Device Info, User Consents, Send Tab To Self, Web Apps, History, Collection, Edge E Drop, Edge Hub App Usage, Edge Tab Group, Edge Wallet, Encryption Keys, reason: 5, current state: 2
2025-01-16 17:44:50.832: [INFO][Sync] Configure, desired: Bookmarks, Preferences, Passwords, Autofill Profiles, Autofill, Typed URLs, Extensions, Sessions, Extension settings, History Delete Directives, Device Info, User Consents, Send Tab To Self, Web Apps, History, Collection, Edge E Drop, Edge Hub App Usage, Edge Tab Group, Edge Wallet, Encryption Keys; Allow fail: 
2025-01-16 17:44:50.832: [INFO][Sync] Loading: Passwords
2025-01-16 17:44:50.832: [INFO][Sync] Loading: Autofill Profiles
2025-01-16 17:44:50.832: [INFO][Sync] Loading: Autofill
2025-01-16 17:44:50.832: [INFO][Sync] All data types are ready for configure.
2025-01-16 17:44:50.833: [INFO][SyncManagerImpl::NudgeForInitialDownload] Initial download nudge for Passwords
2025-01-16 17:44:50.833: [INFO][SyncManagerImpl::NudgeForInitialDownload] Initial download nudge for Autofill Profiles
2025-01-16 17:44:50.833: [INFO][SyncManagerImpl::NudgeForInitialDownload] Initial download nudge for Autofill
2025-01-16 17:44:50.833: [INFO][SyncManagerImpl::ConfigureSyncer] Types to download:  with reason: 5
2025-01-16 17:44:50.833: [INFO][SyncEngineBackend::DoFinishConfigureDataTypes] Failed to download types:  and succeeded types: 
2025-01-16 17:44:50.833: [INFO][Sync] ConfigurationDone, failed: , succeeded: , remaining count: 4
2025-01-16 17:44:50.833: [INFO][Sync] Prepare to configure types: Preferences, Passwords, Device Info, Send Tab To Self, Edge E Drop, Encryption Keys
2025-01-16 17:44:50.833: [INFO][SyncManagerImpl::ConfigureSyncer] Types to download: Preferences, Passwords, Device Info, Send Tab To Self, Edge E Drop, Encryption Keys with reason: 5
2025-01-16 17:44:50.833: [INFO][SyncSchedulerImpl::DoConfigurationSyncCycleJob] Blocked types:  and types to download: Preferences, Passwords, Device Info, Send Tab To Self, Edge E Drop, Encryption Keys
2025-01-16 17:44:51.211: [INFO][SyncEngineBackend::DoFinishConfigureDataTypes] Failed to download types:  and succeeded types: Preferences, Passwords, Device Info, Send Tab To Self, Edge E Drop, Encryption Keys
2025-01-16 17:44:51.214: [INFO][Sync] ConfigurationDone, failed: , succeeded: Preferences, Passwords, Device Info, Send Tab To Self, Edge E Drop, Encryption Keys, remaining count: 3
2025-01-16 17:44:51.215: [INFO][Sync] Prepare to configure types: Bookmarks, Encryption Keys
2025-01-16 17:44:51.215: [INFO][SyncManagerImpl::ConfigureSyncer] Types to download: Bookmarks, Encryption Keys with reason: 5
2025-01-16 17:44:51.215: [INFO][SyncSchedulerImpl::DoConfigurationSyncCycleJob] Blocked types:  and types to download: Bookmarks, Encryption Keys
2025-01-16 17:44:51.395: [INFO][SyncEngineBackend::DoFinishConfigureDataTypes] Failed to download types:  and succeeded types: Bookmarks, Encryption Keys
2025-01-16 17:44:51.397: [INFO][Sync] ConfigurationDone, failed: , succeeded: Bookmarks, Encryption Keys, remaining count: 2
2025-01-16 17:44:51.397: [INFO][Sync] Prepare to configure types: Autofill Profiles, Autofill, Typed URLs, Extensions, Sessions, Extension settings, History Delete Directives, Web Apps, Collection, Edge Hub App Usage, Edge Tab Group, Edge Wallet, Encryption Keys
2025-01-16 17:44:51.397: [INFO][SyncManagerImpl::ConfigureSyncer] Types to download: Autofill Profiles, Autofill, Typed URLs, Extensions, Sessions, Extension settings, History Delete Directives, Web Apps, Collection, Edge Hub App Usage, Edge Tab Group, Edge Wallet, Encryption Keys with reason: 5
2025-01-16 17:44:51.398: [INFO][SyncSchedulerImpl::DoConfigurationSyncCycleJob] Blocked types:  and types to download: Autofill Profiles, Autofill, Typed URLs, Extensions, Sessions, Extension settings, History Delete Directives, Web Apps, Collection, Edge Hub App Usage, Edge Tab Group, Edge Wallet, Encryption Keys
2025-01-16 17:44:51.539: [INFO][SyncEngineBackend::DoFinishConfigureDataTypes] Failed to download types:  and succeeded types: Autofill Profiles, Autofill, Typed URLs, Extensions, Sessions, Extension settings, History Delete Directives, Web Apps, Collection, Edge Hub App Usage, Edge Tab Group, Edge Wallet, Encryption Keys
2025-01-16 17:44:51.542: [INFO][Sync] ConfigurationDone, failed: , succeeded: Autofill Profiles, Autofill, Typed URLs, Extensions, Sessions, Extension settings, History Delete Directives, Web Apps, Collection, Edge Hub App Usage, Edge Tab Group, Edge Wallet, Encryption Keys, remaining count: 1
2025-01-16 17:44:51.545: [INFO][Sync] Prepare to configure types: History, Encryption Keys
2025-01-16 17:44:51.545: [INFO][SyncManagerImpl::ConfigureSyncer] Types to download: History, Encryption Keys with reason: 5
2025-01-16 17:44:51.545: [INFO][SyncSchedulerImpl::DoConfigurationSyncCycleJob] Blocked types:  and types to download: History, Encryption Keys
2025-01-16 17:44:51.659: [INFO][SyncEngineBackend::DoFinishConfigureDataTypes] Failed to download types:  and succeeded types: History, Encryption Keys
2025-01-16 17:44:51.663: [INFO][Sync] ConfigurationDone, failed: , succeeded: History, Encryption Keys, remaining count: 0
2025-01-16 17:44:51.665: [INFO][Sync]     Configuration completed, state: 7
2025-01-16 17:44:51.666: [INFO][Sync] Configured DataTypeManager: Ok
2025-01-16 17:44:51.670: [INFO][SyncEngineBackend::DoStartSyncing] Start syncing
2025-01-16 17:45:36.539: [INFO][Sync] Reset engine, reason: 0
2025-01-16 17:45:36.539: [INFO][Sync] Reset engine with reason: 0
2025-01-16 17:48:20.213: [INFO][Sync] SyncState after authenticated was: FeatureCanStart
2025-01-16 17:48:22.333: [INFO][Sync] Try to start sync engine
2025-01-16 17:48:22.335: [INFO][SyncManagerImpl::NudgeForInitialDownload] Initial download nudge for Encryption Keys
2025-01-16 17:48:22.335: [INFO][SyncEngineBackend::LoadAndConnectNigoriController] Load and connect Nigori controller
2025-01-16 17:48:22.335: [INFO][SyncEngineBackend::DoInitialize] Control Types added: Encryption Keys
2025-01-16 17:48:22.335: [INFO][SyncManagerImpl::ConfigureSyncer] Types to download: Encryption Keys with reason: 3
2025-01-16 17:48:22.335: [INFO][SyncSchedulerImpl::DoConfigurationSyncCycleJob] Configure job was blocked
2025-01-16 17:48:22.397: [INFO][SyncAuthManager::SetLastAuthError] Current auth error: None
2025-01-16 17:48:22.397: [INFO][SyncAuthManager::EdgeLogTokenErrorState] Token error with: None for account type: MSA
2025-01-16 17:48:22.397: [INFO][Sync] Credentials changed for: EdgeSyncScopeNew
2025-01-16 17:48:22.906: [INFO][SyncAuthManager::SetLastAuthError] Current auth error: None
2025-01-16 17:48:22.907: [INFO][SyncAuthManager::EdgeLogTokenErrorState] Token error with: None for account type: MSA
2025-01-16 17:48:22.907: [INFO][Sync] Credentials changed for: EdgeSyncKeyDataScope
2025-01-16 17:48:22.907: [INFO][SyncEngineBackend::DoUpdateKeyDataCredentials] Update key data credentials
2025-01-16 17:48:22.907: [INFO][SyncEngineBackend::DoUpdateCredentials] Update credentials
2025-01-16 17:48:22.907: [INFO][SyncSchedulerImpl::DoConfigurationSyncCycleJob] Blocked types:  and types to download: Encryption Keys
2025-01-16 17:48:23.076: [INFO][Sync] Started DataTypeManager configuration, reason: 4
2025-01-16 17:48:23.077: [INFO][Sync] Configuring for: Bookmarks, Preferences, Passwords, Autofill Profiles, Autofill, Extensions, Sessions, Extension settings, History Delete Directives, Device Info, User Consents, Send Tab To Self, Web Apps, History, Collection, Edge E Drop, Edge Hub App Usage, Edge Tab Group, Edge Wallet, Encryption Keys, reason: 4, current state: 0
2025-01-16 17:48:23.079: [INFO][Sync] Configure, desired: Bookmarks, Preferences, Extensions, Sessions, Extension settings, History Delete Directives, Device Info, User Consents, Send Tab To Self, Web Apps, History, Collection, Edge E Drop, Edge Hub App Usage, Edge Tab Group, Edge Wallet, Encryption Keys; Allow fail: Passwords, Autofill Profiles, Autofill
2025-01-16 17:48:23.079: [INFO][Sync] Loading: Bookmarks
2025-01-16 17:48:23.079: [INFO][Sync] Loading: Preferences
2025-01-16 17:48:23.079: [INFO][Sync] Loading: Extensions
2025-01-16 17:48:23.079: [INFO][Sync] Loading: Sessions
2025-01-16 17:48:23.079: [INFO][Sync] Loading: Extension settings
2025-01-16 17:48:23.079: [INFO][Sync] Loading: History Delete Directives
2025-01-16 17:48:23.080: [INFO][Sync] Loading: Device Info
2025-01-16 17:48:23.080: [INFO][Sync] Loading: User Consents
2025-01-16 17:48:23.080: [INFO][Sync] Loading: Send Tab To Self
2025-01-16 17:48:23.080: [INFO][Sync] Loading: Web Apps
2025-01-16 17:48:23.080: [INFO][Sync] Loading: History
2025-01-16 17:48:23.080: [INFO][Sync] Loading: Collection
2025-01-16 17:48:23.080: [INFO][Sync] Loading: Edge E Drop
2025-01-16 17:48:23.080: [INFO][Sync] Loading: Edge Hub App Usage
2025-01-16 17:48:23.080: [INFO][Sync] Loading: Edge Tab Group
2025-01-16 17:48:23.080: [INFO][Sync] Loading: Edge Wallet
2025-01-16 17:48:23.094: [INFO][Sync] All data types are ready for configure.
2025-01-16 17:48:23.635: [INFO][Sync] Started DataTypeManager configuration, reason: 5
2025-01-16 17:48:23.635: [INFO][Sync] Configuring for: Bookmarks, Preferences, Passwords, Autofill Profiles, Autofill, Extensions, Sessions, Extension settings, History Delete Directives, Device Info, User Consents, Send Tab To Self, Web Apps, History, Collection, Edge E Drop, Edge Hub App Usage, Edge Tab Group, Edge Wallet, Encryption Keys, reason: 5, current state: 1
2025-01-16 17:48:23.635: [INFO][SyncEngineBackend::DoStartConfiguration] Start configuration
2025-01-16 17:48:23.636: [INFO][SyncManagerImpl::ConfigureSyncer] Types to download:  with reason: 4
2025-01-16 17:48:23.636: [INFO][SyncEngineBackend::DoFinishConfigureDataTypes] Failed to download types:  and succeeded types: 
2025-01-16 17:48:23.641: [INFO][Sync] ConfigurationDone, failed: , succeeded: , remaining count: 4
2025-01-16 17:48:23.641: [WARN][Sync]     Reconfigure requested while configuration ongoing.
2025-01-16 17:48:23.641: [INFO][Sync] Configuring for: Bookmarks, Preferences, Passwords, Autofill Profiles, Autofill, Extensions, Sessions, Extension settings, History Delete Directives, Device Info, User Consents, Send Tab To Self, Web Apps, History, Collection, Edge E Drop, Edge Hub App Usage, Edge Tab Group, Edge Wallet, Encryption Keys, reason: 5, current state: 2
2025-01-16 17:48:23.641: [INFO][Sync] Configure, desired: Bookmarks, Preferences, Passwords, Autofill Profiles, Autofill, Extensions, Sessions, Extension settings, History Delete Directives, Device Info, User Consents, Send Tab To Self, Web Apps, History, Collection, Edge E Drop, Edge Hub App Usage, Edge Tab Group, Edge Wallet, Encryption Keys; Allow fail: 
2025-01-16 17:48:23.642: [INFO][Sync] Loading: Passwords
2025-01-16 17:48:23.642: [INFO][Sync] Loading: Autofill Profiles
2025-01-16 17:48:23.642: [INFO][Sync] Loading: Autofill
2025-01-16 17:48:23.643: [INFO][Sync] All data types are ready for configure.
2025-01-16 17:48:23.643: [INFO][SyncManagerImpl::NudgeForInitialDownload] Initial download nudge for Passwords
2025-01-16 17:48:23.644: [INFO][SyncManagerImpl::ConfigureSyncer] Types to download:  with reason: 5
2025-01-16 17:48:23.644: [INFO][SyncEngineBackend::DoFinishConfigureDataTypes] Failed to download types:  and succeeded types: 
2025-01-16 17:48:23.648: [INFO][Sync] ConfigurationDone, failed: , succeeded: , remaining count: 4
2025-01-16 17:48:23.648: [INFO][Sync] Prepare to configure types: Passwords, Encryption Keys
2025-01-16 17:48:23.649: [INFO][SyncManagerImpl::ConfigureSyncer] Types to download: Passwords, Encryption Keys with reason: 5
2025-01-16 17:48:23.649: [INFO][SyncSchedulerImpl::DoConfigurationSyncCycleJob] Blocked types:  and types to download: Passwords, Encryption Keys
2025-01-16 17:48:23.782: [INFO][SyncEngineBackend::DoFinishConfigureDataTypes] Failed to download types:  and succeeded types: Passwords, Encryption Keys
2025-01-16 17:48:23.786: [INFO][Sync] ConfigurationDone, failed: , succeeded: Passwords, Encryption Keys, remaining count: 3
2025-01-16 17:48:23.786: [INFO][SyncManagerImpl::ConfigureSyncer] Types to download:  with reason: 5
2025-01-16 17:48:23.787: [INFO][SyncEngineBackend::DoFinishConfigureDataTypes] Failed to download types:  and succeeded types: 
2025-01-16 17:48:23.787: [INFO][Sync] ConfigurationDone, failed: , succeeded: , remaining count: 2
2025-01-16 17:48:23.787: [INFO][SyncManagerImpl::ConfigureSyncer] Types to download:  with reason: 5
2025-01-16 17:48:23.787: [INFO][SyncEngineBackend::DoFinishConfigureDataTypes] Failed to download types:  and succeeded types: 
2025-01-16 17:48:23.787: [INFO][Sync] ConfigurationDone, failed: , succeeded: , remaining count: 1
2025-01-16 17:48:23.791: [INFO][SyncManagerImpl::ConfigureSyncer] Types to download:  with reason: 5
2025-01-16 17:48:23.791: [INFO][SyncEngineBackend::DoFinishConfigureDataTypes] Failed to download types:  and succeeded types: 
2025-01-16 17:48:23.797: [INFO][Sync] ConfigurationDone, failed: , succeeded: , remaining count: 0
2025-01-16 17:48:23.799: [INFO][Sync]     Configuration completed, state: 7
2025-01-16 17:48:23.800: [INFO][Sync] Configured DataTypeManager: Ok
2025-01-16 17:48:23.803: [INFO][SyncEngineBackend::DoStartSyncing] Start syncing
2025-01-16 17:54:33.784: [INFO][Sync] Reset engine, reason: 0
2025-01-16 17:54:33.784: [INFO][Sync] Reset engine with reason: 0
2025-01-17 08:28:15.842: [INFO][Sync] SyncState after authenticated was: FeatureNotRequestedNotSetup
2025-01-17 08:28:16.373: [INFO][Sync] Try to start sync engine
2025-01-17 08:28:16.375: [INFO][SyncManagerImpl::NudgeForInitialDownload] Initial download nudge for Encryption Keys
2025-01-17 08:28:16.375: [INFO][SyncEngineBackend::LoadAndConnectNigoriController] Load and connect Nigori controller
2025-01-17 08:28:16.375: [INFO][SyncEngineBackend::DoInitialize] Control Types added: Encryption Keys
2025-01-17 08:28:16.375: [INFO][SyncManagerImpl::ConfigureSyncer] Types to download: Encryption Keys with reason: 3
2025-01-17 08:28:16.375: [INFO][SyncSchedulerImpl::DoConfigurationSyncCycleJob] Configure job was blocked
2025-01-17 08:28:20.800: [INFO][SyncAuthManager::SetLastAuthError] Current auth error: None
2025-01-17 08:28:20.801: [INFO][SyncAuthManager::EdgeLogTokenErrorState] Token error with: None for account type: MSA
2025-01-17 08:28:20.801: [INFO][Sync] Credentials changed for: EdgeSyncScopeNew
2025-01-17 10:16:54.191: [INFO][Sync] Reset engine, reason: 0
2025-01-17 10:16:54.191: [INFO][Sync] Reset engine with reason: 0
